<?xml version="1.0" encoding="UTF-8"?>
<!-- Generated by org.testng.reporters.JUnitXMLReporter -->
<testsuite ignored="0" hostname="Chandan" failures="1" tests="3" name="ChromeTest" time="16.309" errors="0" timestamp="2024-12-09T20:04:01 IST">
  <testcase classname="Test46.Oranagehrm" name="testlogo" time="0.062"/>
  <testcase classname="Test46.Oranagehrm" name="testAppUrl" time="0.047">
    <failure type="java.lang.AssertionError" message="expected [https://opensource-demo.orangehrmlive.com] but found [https://opensource-demo.orangehrmlive.com/web/index.php/auth/login]">
      <![CDATA[java.lang.AssertionError: expected [https://opensource-demo.orangehrmlive.com] but found [https://opensource-demo.orangehrmlive.com/web/index.php/auth/login]
at Test46.Oranagehrm.testAppUrl(Oranagehrm.java:37)
at java.base/java.util.ArrayList.forEach(ArrayList.java:1511)
... Removed 33 stack frames]]>
    </failure>
  </testcase> <!-- testAppUrl -->
  <testcase classname="Test46.Oranagehrm" name="tesHomepageTitle" time="0.0">
    <skipped/>
  </testcase> <!-- tesHomepageTitle -->
</testsuite> <!-- ChromeTest -->
